c:\users\sauce\source\repos\ec_v5\projects\efi\bootx64\x64\release\vc143.pdb
c:\users\sauce\source\repos\ec_v5\projects\efi\bootx64\x64\release\utils.obj
c:\users\sauce\source\repos\ec_v5\projects\efi\bootx64\x64\release\main.obj
c:\users\sauce\source\repos\ec_v5\projects\efi\bootx64\x64\release\kernel.obj
c:\users\sauce\source\repos\ec_v5\projects\efi\bootx64\x64\release\gdi.obj
c:\users\sauce\source\repos\ec_v5\projects\efi\bootx64\x64\release\vm.obj
c:\users\sauce\source\repos\ec_v5\projects\efi\bootx64\x64\release\apexfeatures.obj
c:\users\sauce\source\repos\ec_v5\projects\efi\bootx64\x64\release\apex.obj
c:\users\sauce\source\repos\ec_v5\projects\efi\bootx64\x64\release\csgofeatures.obj
c:\users\sauce\source\repos\ec_v5\projects\efi\bootx64\x64\release\csgo.obj
c:\users\sauce\source\repos\ec_v5\projects\efi\bootx64\x64\release\cs2features.obj
c:\users\sauce\source\repos\ec_v5\projects\efi\bootx64\x64\release\cs2.obj
c:\users\sauce\source\repos\ec_v5\projects\efi\bootx64\x64\release\bootx64.efi
c:\users\sauce\source\repos\ec_v5\projects\efi\bootx64\x64\release\bootx64.map
c:\users\sauce\source\repos\ec_v5\projects\efi\bootx64\x64\release\mouse.obj
c:\users\sauce\source\repos\ec_v5\projects\efi\bootx64\x64\release\bootx64.tlog\cl.command.1.tlog
c:\users\sauce\source\repos\ec_v5\projects\efi\bootx64\x64\release\bootx64.tlog\cl.items.tlog
c:\users\sauce\source\repos\ec_v5\projects\efi\bootx64\x64\release\bootx64.tlog\cl.read.1.tlog
c:\users\sauce\source\repos\ec_v5\projects\efi\bootx64\x64\release\bootx64.tlog\cl.write.1.tlog
c:\users\sauce\source\repos\ec_v5\projects\efi\bootx64\x64\release\bootx64.tlog\link.command.1.tlog
c:\users\sauce\source\repos\ec_v5\projects\efi\bootx64\x64\release\bootx64.tlog\link.read.1.tlog
c:\users\sauce\source\repos\ec_v5\projects\efi\bootx64\x64\release\bootx64.tlog\link.secondary.1.tlog
c:\users\sauce\source\repos\ec_v5\projects\efi\bootx64\x64\release\bootx64.tlog\link.write.1.tlog
c:\users\sauce\source\repos\ec_v5\projects\efi\bootx64\x64\release\bootx64.tlog\masm.read.1u.tlog
c:\users\sauce\source\repos\ec_v5\projects\efi\bootx64\x64\release\bootx64.tlog\masm.write.1u.tlog
